Arguments: 
  C:\Program Files\nodejs\node.exe C:\Program Files (x86)\Yarn\bin\yarn.js add express-fileupload

PATH: 
  C:\WINDOWS\system32;C:\WINDOWS;C:\WINDOWS\System32\Wbem;C:\WINDOWS\System32\WindowsPowerShell\v1.0\;C:\WINDOWS\System32\OpenSSH\;C:\Program Files\nodejs\;C:\Program Files (x86)\Yarn\bin\;C:\Program Files (x86)\NVIDIA Corporation\PhysX\Common;C:\Program Files\NVIDIA Corporation\NVIDIA NvDLISR;C:\Program Files\Git\cmd;C:\Users\anggitalesmana\AppData\Local\jdk-11.0.2\bin;C:\Users\anggitalesmana\AppData\Local\python2\scripts;C:\Users\anggitalesmana\AppData\Local\python2;C:\Users\anggitalesmana\AppData\Local\Microsoft\WindowsApps;C:\Users\anggitalesmana\AppData\Local\atom\bin;C:\Users\anggitalesmana\AppData\Roaming\npm;C:\Users\anggitalesmana\AppData\Local\Yarn\bin;C:\Users\anggitalesmana\AppData\Local\Programs\Microsoft VS Code\bin;D:\bin\sqlite-tools-win32-x86-3310100;C:\Program Files\heroku\bin;C:\Users\anggitalesmana\AppData\Local\Android\Sdk\platform-tools;C:\Users\anggitalesmana\AppData\Local\Android\Sdk\build-tools\29.0.3;C:\Users\anggitalesmana\AppData\Local\Android\Sdk\cmdline-tools\latest\bin;

Yarn version: 
  1.22.4

Node version: 
  12.16.2

Platform: 
  win32 x64

Trace: 
  Error: EPERM: operation not permitted, unlink 'D:\xamp\htdocs\slime\js\node_modules\sqlite3\lib\binding\node-v72-win32-x64\node_sqlite3.node'

npm manifest: 
  {
    "name": "slimeserver",
    "version": "1.0.0",
    "description": "slimechat backend",
    "main": "src/index.ts",
    "scripts": {
      "test": "\"echo \\\"err no test command defined\\\"\"",
      "start": "node dist/index.ts",
      "dev": "nodemon src/index.ts --exec babel-node --trace-uncaught",
      "build": "babel src -d dist",
      "postinstall": "npm run build",
      "deploy": "git add . && git commit -m \"commit\" && git push heroku master",
      "lint":"eslint src/*.js dist/*.js src/**/*.js dist/**/*.js "
    },
    "keywords": [
      "slime"
    ],
    "author": "Ashja Radithya Lesmana",
    "license": "ISC",
    "dependencies": {
      "body-parser": "^1.19.0",
      "cors": "^2.8.5",
      "crypto": "^1.0.1",
      "express": "^4.17.1",
      "express-session": "^1.17.0",
      "firebase-admin": "^8.10.0",
      "nodemon": "^2.0.2",
      "pg": "^7.18.2",
      "socket.io": "^2.3.0",
      "sqlite3": "^4.1.1"
    },
    "devDependencies": {
      "babel-cli": "^6.26.0",
      "babel-preset-es2015": "^6.24.1",
      "babel-preset-stage-2": "^6.24.1",
      "babel-register": "^6.26.0"
    }
  }

yarn manifest: 
  No manifest

Lockfile: 
  No lockfile
